Arguments: 
  /Users/jacobadams/.nvm/versions/node/v12.13.0/bin/node /usr/local/Cellar/yarn/1.21.1/libexec/bin/yarn.js build

PATH: 
  /Users/jacobadams/.asdf/shims:/Users/jacobadams/.asdf/bin:/Applications/Visual Studio Code.app/Contents/Resources/app/bin:/Users/jacobadams/.cargo/bin:/Users/jacobadams/.nvm/versions/node/v12.13.0/bin:/usr/local/opt/postgresql@9.5/bin/:/Users/jacobadams/.rbenv/shims:/Users/jacobadams/.rbenv/bin:/usr/local/bin:/usr/bin:/bin:/usr/sbin:/sbin:/Users/jacobadams/.go/bin:/usr/local/opt/go/libexec/bin

Yarn version: 
  1.21.1

Node version: 
  12.13.0

Platform: 
  darwin x64

Trace: 
  SyntaxError: /Users/jacobadams/Documents/Development/bottom-up-election/voting-service/package.json: Unexpected token } in JSON at position 114
      at JSON.parse (<anonymous>)
      at /usr/local/Cellar/yarn/1.21.1/libexec/lib/cli.js:1625:59
      at Generator.next (<anonymous>)
      at step (/usr/local/Cellar/yarn/1.21.1/libexec/lib/cli.js:310:30)
      at /usr/local/Cellar/yarn/1.21.1/libexec/lib/cli.js:321:13

npm manifest: 
  {
    "name": "voting-service",
    "version": "0.1.0",
    "private": true,
    "scripts": {
      "dev": "ganache-cli",
    },
    "dependencies": {
      "ganache-cli": "6.9.1",
      "solc": "0.6.10",
      "web3": "1.2.9"
    },
    "devDependencies": {
    }
  }

yarn manifest: 
  No manifest

Lockfile: 
  No lockfile
